<?xml version="1.0" encoding="UTF-8"?>
<testsuite xmlns:xsi="http://www.w3.org/2001/XMLSchema-instance" xsi:noNamespaceSchemaLocation="https://maven.apache.org/surefire/maven-surefire-plugin/xsd/surefire-test-report.xsd" version="3.0.2" name="com.firefly.core.lending.compliance.interfaces.dtos.ValidationTest" time="0.19" tests="6" errors="0" skipped="0" failures="0">
  <properties>
[...]
</properties>
  <testcase name="testRegulatorySubmissionDTOValidation" classname="com.firefly.core.lending.compliance.interfaces.dtos.ValidationTest" time="0.141">
    <system-out><![CDATA[14:30:04.103 [main] INFO org.hibernate.validator.internal.util.Version -- HV000001: Hibernate Validator 8.0.3.Final
]]></system-out>
  </testcase>
  <testcase name="testAmlActionDTOValidation" classname="com.firefly.core.lending.compliance.interfaces.dtos.ValidationTest" time="0.006"/>
  <testcase name="testAmlCaseDTOValidation" classname="com.firefly.core.lending.compliance.interfaces.dtos.ValidationTest" time="0.006"/>
  <testcase name="testAmlSarDTOValidation" classname="com.firefly.core.lending.compliance.interfaces.dtos.ValidationTest" time="0.005"/>
  <testcase name="testReportingRunDTOValidation" classname="com.firefly.core.lending.compliance.interfaces.dtos.ValidationTest" time="0.005"/>
  <testcase name="testReportingRecordDTOValidation" classname="com.firefly.core.lending.compliance.interfaces.dtos.ValidationTest" time="0.016"/>
</testsuite>